{"C:\\Users\\Brendan\\Desktop\\testing\\js\\emailregex.js": {"path":"C:\\Users\\Brendan\\Desktop\\testing\\js\\emailregex.js","statementMap":{"0":{"start":{"line":2,"column":18},"end":{"line":2,"column":65}},"1":{"start":{"line":3,"column":4},"end":{"line":3,"column":29}},"2":{"start":{"line":6,"column":2},"end":{"line":6,"column":29}}},"fnMap":{"0":{"name":"emailtest","decl":{"start":{"line":1,"column":9},"end":{"line":1,"column":18}},"loc":{"start":{"line":1,"column":26},"end":{"line":4,"column":3}},"line":1}},"branchMap":{},"s":{"0":9,"1":9,"2":1},"f":{"0":9},"b":{},"_coverageSchema":"1a1c01bbd47fc00a2c39e90264f33305004495a9","hash":"2a2013f5afa497af5a1607ba11f7183b362ee0f4"}
,"C:\\Users\\Brendan\\Desktop\\testing\\js\\passwordregex.js": {"path":"C:\\Users\\Brendan\\Desktop\\testing\\js\\passwordregex.js","statementMap":{"0":{"start":{"line":2,"column":18},"end":{"line":2,"column":75}},"1":{"start":{"line":3,"column":4},"end":{"line":3,"column":31}},"2":{"start":{"line":6,"column":0},"end":{"line":6,"column":30}}},"fnMap":{"0":{"name":"passwordregex","decl":{"start":{"line":1,"column":9},"end":{"line":1,"column":22}},"loc":{"start":{"line":1,"column":33},"end":{"line":4,"column":1}},"line":1}},"branchMap":{},"s":{"0":8,"1":8,"2":1},"f":{"0":8},"b":{},"_coverageSchema":"1a1c01bbd47fc00a2c39e90264f33305004495a9","hash":"b2ef2e0c0f96ca83ea7bfd74a1b1960c7a0838d1"}
}
